

*********************************************
* Binary File Comparison Statistics Section *
*********************************************

   Flog.file                                                D:\SWMMandSoftware\SWMM5.013_June2018\EPASWMM5.1.013\Swmm5.1.013UpdateTests\Orifices\extran3_side_open_close_orifice.inp.log
   FoutCompare.file                                         D:\SWMMandSoftware\SWMM5.013_June2018\EPASWMM5.1.013\Swmm5.1.013UpdateTests\v12\extran3_side_open_close_orifice.out
   Fout.file                                                D:\SWMMandSoftware\SWMM5.013_June2018\EPASWMM5.1.013\Swmm5.1.013UpdateTests\v13\extran3_side_open_close_orifice.out

   Fout.file Version                                        51013
   Fout.file MagicNumber                                    516114522
   Fout.file Flow units                                     0
   Fout.file Report Step                                    300
   Fout.file Nperiods                                       96
   Fout.file Starting file position of ID names             28
   Fout.file Starting file position of input data           199
   Fout.file Starting file position of output data          731
   Fout.file number of bytes per time period                508
   Fout.file Number of subcatchment output variables        8
   Fout.file Number of node output variables                6
   Fout.file Number of link output variables                5
   Fout.file Number of subcatchments reported on            0
   Fout.file Number of nodes reported on                    10
   Fout.file Number of links reported on                    10
   Fout.file Number of pollutants reported on               0

   FoutCompare.file Version                                 51011
   FoutCompare.file MagicNumber                             516114522
   FoutCompare.file Flow units                              0
   FoutCompare.file Nperiods                                96
   FoutCompare.file Starting file position of ID names      28
   FoutCompare.file Starting file position of input data    199
   FoutCompare.file Starting file position of output data   731
   FoutCompare.file number of bytes per time period         508
   FoutCompare.file Number of subcatchment output variables 8
   FoutCompare.file Number of node output variables         6
   FoutCompare.file Number of link output variables         5
   FoutCompare.file Number of subcatchments reported on     0
   FoutCompare.file Number of nodes reported on             10
   FoutCompare.file Number of links reported on             10
   FoutCompare.file Number of pollutants reported on        0

************************************
*Node Depth Statistics Comparisons *
************************************
  Node ID                            Mean Sim   Mean Obs       RMSE        MAE      MSLSE    STD Sim    STD Obs Nash-Sutcliffe
  80408                                0.8967     0.8969     0.0005     0.0003     0.0000     0.1092     0.1092     1.0000
  80608                                1.2129     1.2132     0.0009     0.0006     0.0000     0.1262     0.1262     1.0000
  81009                                1.1135     1.1137     0.0004     0.0003     0.0000     0.1228     0.1227     1.0000
  81309                                1.2296     1.2298     0.0005     0.0004     0.0000     0.1203     0.1203     1.0000
  82309                                2.3008     2.3010     0.0011     0.0007     0.0000     0.2694     0.2693     1.0000
  10309                                1.4944     1.4946     0.0011     0.0008     0.0000     0.1086     0.1085     1.0000
  15009                                1.6552     1.6555     0.0008     0.0006     0.0000     0.1524     0.1524     1.0000
  16009                                1.5674     1.5677     0.0010     0.0007     0.0000     0.1185     0.1185     1.0000
  16109                                1.1006     1.1009     0.0008     0.0006     0.0000     0.1119     0.1119     1.0000
  10208                                1.3220     1.3222     0.0010     0.0007     0.0000     0.1030     0.1030     1.0000

*******************************************
*Node Lateral Flow Statistics Comparisons *
*******************************************
  Node ID                            Mean Sim   Mean Obs       RMSE        MAE      MSLSE    STD Sim    STD Obs Nash-Sutcliffe
  80408                               16.8750    16.8750     0.0000     0.0000     0.0000     2.1999     2.1999     1.0000
  80608                                0.0000     0.0000     0.0000     0.0000     0.0000     0.0000     0.0000     1.0000
  81009                               18.7500    18.7500     0.0000     0.0000     0.0000     2.4444     2.4444     1.0000
  81309                                0.0000     0.0000     0.0000     0.0000     0.0000     0.0000     0.0000     1.0000
  82309                               15.0000    15.0000     0.0000     0.0000     0.0000     1.9555     1.9555     1.0000
  10309                                0.0000     0.0000     0.0000     0.0000     0.0000     0.0000     0.0000     1.0000
  15009                                0.0000     0.0000     0.0000     0.0000     0.0000     0.0000     0.0000     1.0000
  16009                                0.0000     0.0000     0.0000     0.0000     0.0000     0.0000     0.0000     1.0000
  16109                                0.0000     0.0000     0.0000     0.0000     0.0000     0.0000     0.0000     1.0000
  10208                                0.0000     0.0000     0.0000     0.0000     0.0000     0.0000     0.0000     1.0000

*****************************************
*Node Total Flow Statistics Comparisons *
*****************************************
  Node ID                            Mean Sim   Mean Obs       RMSE        MAE      MSLSE    STD Sim    STD Obs Nash-Sutcliffe
  80408                               16.8750    16.8750     0.0000     0.0000     0.0000     2.1999     2.1999     1.0000
  80608                                0.0000    16.9052     0.0073     0.0022     0.0001     2.8018     2.1931     1.0000
  81009                               18.7500    18.7500     0.0000     0.0000     0.0000     2.4444     2.4444     1.0000
  81309                                0.0000    18.8503     0.0063     0.0027     0.0001     3.0906     2.4025     1.0000
  82309                               15.0000    31.6202     0.0126     0.0054     0.0001     4.3945     4.0460     1.0000
  10309                                0.0000    50.5166     0.0398     0.0212     0.0004     7.9810     6.0453     1.0000
  15009                                0.0000    33.7244     0.0164     0.0088     0.0002     5.3399     4.0516     1.0000
  16009                                0.0000    50.6284     0.0338     0.0188     0.0004     8.0044     6.0663     1.0000
  16109                                0.0000    16.9173     0.0104     0.0046     0.0001     2.7679     2.1486     1.0000
  10208                                0.0000    50.4692     0.0446     0.0238     0.0005     7.9360     5.9900     1.0000

************************************
*Link Flow Statistics  Comparisons *
************************************
  Link ID                            Mean Sim   Mean Obs       RMSE        MAE      MSLSE    STD Sim    STD Obs Nash-Sutcliffe
  8040                                16.9053    16.9052     0.0073     0.0022     0.0001     2.1932     2.1931     1.0000
  8060                                16.6204    16.6203     0.0126     0.0054     0.0001     2.1374     2.1372     1.0000
  8100                                18.8504    18.8503     0.0063     0.0027     0.0001     2.4026     2.4025     1.0000
  8130                                18.7515    18.7514     0.0096     0.0046     0.0001     2.2970     2.2969     1.0000
  1030                                50.4678    50.4692     0.0446     0.0238     0.0005     5.9906     5.9900     1.0000
  1570                                33.8013    33.8029     0.0210     0.0119     0.0002     3.9718     3.9714     1.0000
  1600                                16.8251    16.8255     0.0131     0.0068     0.0001     2.1000     2.0998     1.0000
  1630                                50.5149    50.5166     0.0398     0.0212     0.0004     6.0459     6.0453     1.0000
  1602                                16.9169    16.9173     0.0104     0.0046     0.0001     2.1487     2.1486     1.0000
  90010                               14.9713    14.9730     0.0091     0.0047     0.0001     1.7784     1.7783     1.0000

*************************************
*Link Depth Statistics  Comparisons *
*************************************
  Link ID                            Mean Sim   Mean Obs       RMSE        MAE      MSLSE    STD Sim    STD Obs Nash-Sutcliffe
  8040                                 1.0549     1.0551     0.0007     0.0004     0.0000     0.1169     0.1168     1.0000
  8060                                 1.2862     1.2863     0.0008     0.0006     0.0000     0.1466     0.1465     1.0000
  8100                                 1.1716     1.1717     0.0004     0.0003     0.0000     0.1198     0.1198     1.0000
  8130                                 1.4424     1.4427     0.0007     0.0005     0.0000     0.1362     0.1361     1.0000
  1030                                 1.4081     1.4084     0.0010     0.0007     0.0000     0.1058     0.1058     1.0000
  1570                                 1.6113     1.6116     0.0009     0.0007     0.0000     0.1347     0.1347     1.0000
  1600                                 1.3340     1.3343     0.0009     0.0006     0.0000     0.1149     0.1149     1.0000
  1630                                 1.5309     1.5312     0.0010     0.0007     0.0000     0.1132     0.1132     1.0000
  1602                                 1.5642     1.5645     0.0009     0.0006     0.0000     0.1695     0.1694     1.0000
  90010                                0.9547     0.9550     0.0007     0.0004     0.0000     0.0945     0.0945     1.0000