

*********************************************
* Binary File Comparison Statistics Section *
*********************************************

   Flog.file                                                D:\SWMMandSoftware\SWMM5.013_June2018\EPASWMM5.1.013\Swmm5.1.013UpdateTests\LEW_update_v5113\Jutras2_v12.inp.log
   FoutCompare.file                                         D:\SWMMandSoftware\SWMM5.013_June2018\EPASWMM5.1.013\Swmm5.1.013UpdateTests\v12\Jutras2_v12.out
   Fout.file                                                D:\SWMMandSoftware\SWMM5.013_June2018\EPASWMM5.1.013\Swmm5.1.013UpdateTests\v13\Jutras2_v12.out

   Fout.file Version                                        51013
   Fout.file MagicNumber                                    516114522
   Fout.file Flow units                                     3
   Fout.file Report Step                                    60
   Fout.file Nperiods                                       360
   Fout.file Starting file position of ID names             28
   Fout.file Starting file position of input data           88
   Fout.file Starting file position of output data          440
   Fout.file number of bytes per time period                268
   Fout.file Number of subcatchment output variables        8
   Fout.file Number of node output variables                6
   Fout.file Number of link output variables                5
   Fout.file Number of subcatchments reported on            0
   Fout.file Number of nodes reported on                    5
   Fout.file Number of links reported on                    4
   Fout.file Number of pollutants reported on               0

   FoutCompare.file Version                                 51011
   FoutCompare.file MagicNumber                             516114522
   FoutCompare.file Flow units                              3
   FoutCompare.file Nperiods                                120
   FoutCompare.file Starting file position of ID names      28
   FoutCompare.file Starting file position of input data    75
   FoutCompare.file Starting file position of output data   395
   FoutCompare.file number of bytes per time period         224
   FoutCompare.file Number of subcatchment output variables 8
   FoutCompare.file Number of node output variables         6
   FoutCompare.file Number of link output variables         5
   FoutCompare.file Number of subcatchments reported on     0
   FoutCompare.file Number of nodes reported on             4
   FoutCompare.file Number of links reported on             3
   FoutCompare.file Number of pollutants reported on        0

************************************
*Node Depth Statistics Comparisons *
************************************
  Node ID                            Mean Sim   Mean Obs       RMSE        MAE      MSLSE    STD Sim    STD Obs Nash-Sutcliffe     Log NSE    Index d Agreee
  1                                    0.5990     0.1996     0.4891     0.3995     0.0000     0.0001     0.0149    -2.0027     0.0000
  2                                    0.3144     6.8854     6.8260     6.5710     0.0000     0.0056     0.1028   -11.3226     0.0000
  9                                    0.0000     5.7159     5.9983     5.7159     0.0000     0.0000     0.0961    -9.8757     0.0000
  ST1                                  5.9212     0.2812     5.8775     5.6400     0.0000     0.0922     0.0073 -1812.2176     0.0000
  ST2                                  7.0920     0.9989     6.3732     6.1309     0.0000     0.0990     0.0012 -72834.5131     0.0000

*******************************************
*Node Lateral Flow Statistics Comparisons *
*******************************************
  Node ID                            Mean Sim   Mean Obs       RMSE        MAE      MSLSE    STD Sim    STD Obs Nash-Sutcliffe     Log NSE    Index d Agreee
  1                                    1.0000     0.3333     0.8165     0.6667     0.0023     0.0000     0.0249    -2.0000
  2                                    0.0000     0.0000     0.0000     0.0000     0.0000     0.0000     0.0000     1.0000
  9                                    0.0000     0.0000     0.0000     0.0000     0.0000     0.0000     0.0000     1.0000
  ST1                                  0.0000     0.0000     0.0000     0.0000     0.0000     0.0000     0.0000     1.0000
  ST2                                  0.0000    47.7819    47.7858    47.7819     0.1327     0.0000     0.0324 -6061.5985

*****************************************
*Node Total Flow Statistics Comparisons *
*****************************************
  Node ID                            Mean Sim   Mean Obs       RMSE        MAE      MSLSE    STD Sim    STD Obs Nash-Sutcliffe Nash-Sutcliffe Nash-Sutcliffe
  1                                    1.0000     1.0000     0.0000     0.0000     0.0000     0.0000     0.0000     1.0000
  2                                    0.8987     0.0472     0.9713     0.9458     0.0027     0.0161     0.0106   -22.2458
  9                                    0.0000     0.9991     0.9994     0.9991     0.0028     0.0000     0.0013 -1772.6744
  ST1                                  1.0053     0.8007     0.4574     0.2047     0.0013     0.0023     0.0209    -0.3341
  ST2                                  0.0590     0.6083     0.5917     0.5853     0.0016     0.0116     0.0004 -5702.6516

************************************
*Link Flow Statistics  Comparisons *
************************************
  Link ID                            Mean Sim   Mean Obs       RMSE        MAE      MSLSE    STD Sim    STD Obs Nash-Sutcliffe
  IN                                   0.9991     0.9989     0.0042     0.0003     0.0000     0.0010     0.0012     0.9679
  OUT                                  0.8987     0.8007     0.3117     0.0980     0.0009     0.0161     0.0209     0.3804
  TUNNEL                               0.0527     0.0470     0.1030     0.0182     0.0003     0.0119     0.0107     0.7386
  GATE                                 0.0000     0.0000     0.0000     0.0000     0.0000     0.0000     0.0000     1.0000

*************************************
*Link Depth Statistics  Comparisons *
*************************************
  Link ID                            Mean Sim   Mean Obs       RMSE        MAE      MSLSE    STD Sim    STD Obs Nash-Sutcliffe
  IN                                   0.5857     0.5856     0.0017     0.0001     0.0000     0.0002     0.0003     0.9223
  OUT                                  0.3147     0.2813     0.1078     0.0334     0.0003     0.0056     0.0073     0.3893
  TUNNEL                               1.9071     1.9048     0.0149     0.0023     0.0000     0.0182     0.0182     0.9981
  GATE                                 0.2967     0.0000     0.2981     0.2967     0.0008     0.0015     0.0000     1.0000