

*********************************************
* Binary File Comparison Statistics Section *
*********************************************

   Flog.file                                                D:\SWMMandSoftware\SWMM5.013_June2018\EPASWMM5.1.013\Swmm5.1.013UpdateTests\OWA_EXTRAN\extran6_slot.inp.log
   FoutCompare.file                                         D:\SWMMandSoftware\SWMM5.013_June2018\EPASWMM5.1.013\Swmm5.1.013UpdateTests\v12\extran6.out
   Fout.file                                                D:\SWMMandSoftware\SWMM5.013_June2018\EPASWMM5.1.013\Swmm5.1.013UpdateTests\v13\extran6_slot.out

   Fout.file Version                                        51013
   Fout.file MagicNumber                                    516114522
   Fout.file Flow units                                     0
   Fout.file Report Step                                    900
   Fout.file Nperiods                                       32
   Fout.file Starting file position of ID names             28
   Fout.file Starting file position of input data           216
   Fout.file Starting file position of output data          780
   Fout.file number of bytes per time period                552
   Fout.file Number of subcatchment output variables        8
   Fout.file Number of node output variables                6
   Fout.file Number of link output variables                5
   Fout.file Number of subcatchments reported on            0
   Fout.file Number of nodes reported on                    11
   Fout.file Number of links reported on                    11
   Fout.file Number of pollutants reported on               0

   FoutCompare.file Version                                 51011
   FoutCompare.file MagicNumber                             516114522
   FoutCompare.file Flow units                              0
   FoutCompare.file Nperiods                                32
   FoutCompare.file Starting file position of ID names      28
   FoutCompare.file Starting file position of input data    216
   FoutCompare.file Starting file position of output data   780
   FoutCompare.file number of bytes per time period         552
   FoutCompare.file Number of subcatchment output variables 8
   FoutCompare.file Number of node output variables         6
   FoutCompare.file Number of link output variables         5
   FoutCompare.file Number of subcatchments reported on     0
   FoutCompare.file Number of nodes reported on             11
   FoutCompare.file Number of links reported on             11
   FoutCompare.file Number of pollutants reported on        0

************************************
*Node Depth Statistics Comparisons *
************************************
  Node ID                            Mean Sim   Mean Obs       RMSE        MAE      MSLSE    STD Sim    STD Obs Nash-Sutcliffe     Log NSE    Index d Agreee
  80408                                0.8939     0.8938     0.0004     0.0002     0.0000     0.1946     0.1946     1.0000     0.0000
  80608                                1.3452     1.3347     0.0343     0.0111     0.0000     0.2453     0.2452     0.9993     0.0000
  81009                                1.1113     1.1114     0.0005     0.0003     0.0000     0.2175     0.2175     1.0000     0.0000
  81309                                1.2316     1.2320     0.0006     0.0004     0.0000     0.2130     0.2129     1.0000     0.0000
  82309                                1.7335     1.7338     0.0198     0.0081     0.0000     0.3293     0.3300     0.9999     0.0000
  10309                                1.4100     1.4081     0.0046     0.0023     0.0000     0.1711     0.1713     1.0000     0.0000
  15009                                1.4649     1.4636     0.0026     0.0014     0.0000     0.2252     0.2252     1.0000     0.0000
  16009                                1.4784     1.4753     0.0094     0.0034     0.0000     0.1867     0.1872     0.9999     0.0000
  16109                                0.9947     0.9949     0.0053     0.0027     0.0000     0.1677     0.1677     1.0000     0.0000
  82310                               18.3123    18.4288     1.7427     0.4296     0.0000     3.7483     3.7911     0.9930     0.0000
  10208                                1.2354     1.2337     0.0043     0.0019     0.0000     0.1614     0.1616     1.0000     0.0000

*******************************************
*Node Lateral Flow Statistics Comparisons *
*******************************************
  Node ID                            Mean Sim   Mean Obs       RMSE        MAE      MSLSE    STD Sim    STD Obs Nash-Sutcliffe     Log NSE    Index d Agreee
  80408                               16.8750    16.8750     0.0000     0.0000     0.0000     3.9639     3.9639     1.0000
  80608                                0.0000     0.0000     0.0000     0.0000     0.0000     0.0000     0.0000     1.0000
  81009                               18.7500    18.7500     0.0000     0.0000     0.0000     4.4043     4.4043     1.0000
  81309                                0.0000     0.0000     0.0000     0.0000     0.0000     0.0000     0.0000     1.0000
  82309                               15.0000    15.0000     0.0000     0.0000     0.0000     3.5234     3.5234     1.0000
  10309                                0.0000     0.0000     0.0000     0.0000     0.0000     0.0000     0.0000     1.0000
  15009                                0.0000     0.0000     0.0000     0.0000     0.0000     0.0000     0.0000     1.0000
  16009                                0.0000     0.0000     0.0000     0.0000     0.0000     0.0000     0.0000     1.0000
  16109                                0.0000     0.0000     0.0000     0.0000     0.0000     0.0000     0.0000     1.0000
  82310                                0.0000     0.0000     0.0000     0.0000     0.0000     0.0000     0.0000     1.0000
  10208                                0.0000     0.0000     0.0000     0.0000     0.0000     0.0000     0.0000     1.0000

*****************************************
*Node Total Flow Statistics Comparisons *
*****************************************
  Node ID                            Mean Sim   Mean Obs       RMSE        MAE      MSLSE    STD Sim    STD Obs Nash-Sutcliffe Nash-Sutcliffe Nash-Sutcliffe
  80408                               16.8750    16.8750     0.0000     0.0000     0.0000     3.9639     3.9639     1.0000
  80608                               16.9714    16.9709     0.0087     0.0024     0.0003     3.9037     3.9035     1.0000
  81009                               18.7500    18.7500     0.0000     0.0000     0.0000     4.4043     4.4043     1.0000
  81309                               18.8502    18.8503     0.0075     0.0028     0.0002     4.2365     4.2363     1.0000
  82309                               31.8595    31.7367     0.4161     0.1266     0.0130     7.1397     7.1461     0.9999
  10309                               40.2446    40.2126     0.1228     0.0602     0.0038     8.2510     8.2563     1.0000
  15009                               27.7935    27.7872     0.0254     0.0107     0.0008     5.7084     5.7093     1.0000
  16009                               40.3100    40.2915     0.1083     0.0520     0.0034     8.2792     8.2846     1.0000
  16109                               12.7305    12.7512     0.2254     0.0694     0.0070     2.7897     2.7966     0.9998
  82310                               18.9160    19.2879     1.4830     0.4481     0.0463     4.1823     4.1870     0.9958
  10208                               40.2291    40.1903     0.0958     0.0523     0.0030     8.1549     8.1584     1.0000

************************************
*Link Flow Statistics  Comparisons *
************************************
  Link ID                            Mean Sim   Mean Obs       RMSE        MAE      MSLSE    STD Sim    STD Obs Nash-Sutcliffe
  8040                                16.9714    16.9709     0.0087     0.0024     0.0003     3.9037     3.9035     1.0000
  8060                                16.8595    16.7367     0.4161     0.1266     0.0130     3.7399     3.7388     0.9996
  8100                                18.8502    18.8503     0.0075     0.0028     0.0002     4.2365     4.2363     1.0000
  8130                                18.7247    18.7264     0.0091     0.0044     0.0003     4.0673     4.0671     1.0000
  1030                                40.2291    40.1903     0.0958     0.0523     0.0030     8.1549     8.1584     1.0000
  1570                                27.7582    27.7272     0.0687     0.0320     0.0021     5.5995     5.6011     1.0000
  1600                                12.5518    12.5643     0.0756     0.0329     0.0024     2.6867     2.6902     1.0000
  1630                                40.2446    40.2126     0.1228     0.0602     0.0038     8.2510     8.2563     1.0000
  1602                                12.7305    12.7512     0.2254     0.0694     0.0070     2.7897     2.7966     0.9998
  8061                                18.9160    19.2879     1.4830     0.4481     0.0463     4.1823     4.1870     0.9958
  90011                                9.0688     9.0609     0.0255     0.0080     0.0008     1.7669     1.7681     1.0000

*************************************
*Link Depth Statistics  Comparisons *
*************************************
  Link ID                            Mean Sim   Mean Obs       RMSE        MAE      MSLSE    STD Sim    STD Obs Nash-Sutcliffe
  8040                                 1.1196     1.1143     0.0171     0.0056     0.0005     0.2179     0.2180     0.9998
  8060                                 1.0931     1.0852     0.0220     0.0080     0.0007     0.2040     0.2039     0.9996
  8100                                 1.1715     1.1717     0.0003     0.0002     0.0000     0.2121     0.2121     1.0000
  8130                                 1.3483     1.3478     0.0012     0.0006     0.0000     0.2183     0.2183     1.0000
  1030                                 1.3226     1.3208     0.0045     0.0021     0.0001     0.1662     0.1664     1.0000
  1570                                 1.4716     1.4695     0.0051     0.0023     0.0002     0.2048     0.2050     1.0000
  1600                                 1.2365     1.2351     0.0035     0.0019     0.0001     0.1767     0.1769     1.0000
  1630                                 1.4442     1.4417     0.0064     0.0028     0.0002     0.1783     0.1787     1.0000
  1602                                 1.3640     1.3645     0.0124     0.0051     0.0004     0.2443     0.2448     0.9999
  8061                                 1.6892     1.6869     0.0094     0.0042     0.0003     0.3303     0.3303     1.0000
  90011                                0.0000     0.0000     0.0000     0.0000     0.0000     0.0000     0.0000     1.0000