

*********************************************
* Binary File Comparison Statistics Section *
*********************************************

   Flog.file                                                D:\SWMMandSoftware\SWMM5.013_June2018\EPASWMM5.1.013\Swmm5.1.013UpdateTests\OWA_EXTRAN\extran3.inp.log
   FoutCompare.file                                         D:\SWMMandSoftware\SWMM5.013_June2018\EPASWMM5.1.013\Swmm5.1.013UpdateTests\v12\extran3.out
   Fout.file                                                D:\SWMMandSoftware\SWMM5.013_June2018\EPASWMM5.1.013\Swmm5.1.013UpdateTests\v13\extran3.out

   Fout.file Version                                        51013
   Fout.file MagicNumber                                    516114522
   Fout.file Flow units                                     0
   Fout.file Report Step                                    300
   Fout.file Nperiods                                       96
   Fout.file Starting file position of ID names             28
   Fout.file Starting file position of input data           199
   Fout.file Starting file position of output data          731
   Fout.file number of bytes per time period                508
   Fout.file Number of subcatchment output variables        8
   Fout.file Number of node output variables                6
   Fout.file Number of link output variables                5
   Fout.file Number of subcatchments reported on            0
   Fout.file Number of nodes reported on                    10
   Fout.file Number of links reported on                    10
   Fout.file Number of pollutants reported on               0

   FoutCompare.file Version                                 51011
   FoutCompare.file MagicNumber                             516114522
   FoutCompare.file Flow units                              0
   FoutCompare.file Nperiods                                96
   FoutCompare.file Starting file position of ID names      28
   FoutCompare.file Starting file position of input data    199
   FoutCompare.file Starting file position of output data   731
   FoutCompare.file number of bytes per time period         508
   FoutCompare.file Number of subcatchment output variables 8
   FoutCompare.file Number of node output variables         6
   FoutCompare.file Number of link output variables         5
   FoutCompare.file Number of subcatchments reported on     0
   FoutCompare.file Number of nodes reported on             10
   FoutCompare.file Number of links reported on             10
   FoutCompare.file Number of pollutants reported on        0

************************************
*Node Depth Statistics Comparisons *
************************************
  Node ID                            Mean Sim   Mean Obs       RMSE        MAE      MSLSE    STD Sim    STD Obs Nash-Sutcliffe     Log NSE    Index d Agreee
  80408                                0.8967     0.8969     0.0005     0.0003     0.0000     0.1092     0.1092     1.0000     0.0000
  80608                                1.2121     1.2124     0.0008     0.0005     0.0000     0.1263     0.1263     1.0000     0.0000
  81009                                1.1137     1.1139     0.0004     0.0003     0.0000     0.1228     0.1228     1.0000     0.0000
  81309                                1.2289     1.2290     0.0005     0.0004     0.0000     0.1203     0.1203     1.0000     0.0000
  82309                                2.2877     2.2876     0.0013     0.0008     0.0000     0.2699     0.2698     1.0000     0.0000
  10309                                1.4981     1.4983     0.0011     0.0008     0.0000     0.1081     0.1081     1.0000     0.0000
  15009                                1.6611     1.6613     0.0008     0.0006     0.0000     0.1519     0.1518     1.0000     0.0000
  16009                                1.5726     1.5729     0.0010     0.0008     0.0000     0.1180     0.1179     1.0000     0.0000
  16109                                1.0918     1.0919     0.0009     0.0006     0.0000     0.1125     0.1125     1.0000     0.0000
  10208                                1.3248     1.3249     0.0010     0.0007     0.0000     0.1027     0.1027     1.0000     0.0000

*******************************************
*Node Lateral Flow Statistics Comparisons *
*******************************************
  Node ID                            Mean Sim   Mean Obs       RMSE        MAE      MSLSE    STD Sim    STD Obs Nash-Sutcliffe     Log NSE    Index d Agreee
  80408                               16.8750    16.8750     0.0000     0.0000     0.0000     2.1999     2.1999     1.0000
  80608                                0.0000     0.0000     0.0000     0.0000     0.0000     0.0000     0.0000     1.0000
  81009                               18.7500    18.7500     0.0000     0.0000     0.0000     2.4444     2.4444     1.0000
  81309                                0.0000     0.0000     0.0000     0.0000     0.0000     0.0000     0.0000     1.0000
  82309                               15.0000    15.0000     0.0000     0.0000     0.0000     1.9555     1.9555     1.0000
  10309                                0.0000     0.0000     0.0000     0.0000     0.0000     0.0000     0.0000     1.0000
  15009                                0.0000     0.0000     0.0000     0.0000     0.0000     0.0000     0.0000     1.0000
  16009                                0.0000     0.0000     0.0000     0.0000     0.0000     0.0000     0.0000     1.0000
  16109                                0.0000     0.0000     0.0000     0.0000     0.0000     0.0000     0.0000     1.0000
  10208                                0.0000     0.0000     0.0000     0.0000     0.0000     0.0000     0.0000     1.0000

*****************************************
*Node Total Flow Statistics Comparisons *
*****************************************
  Node ID                            Mean Sim   Mean Obs       RMSE        MAE      MSLSE    STD Sim    STD Obs Nash-Sutcliffe Nash-Sutcliffe Nash-Sutcliffe
  80408                               16.8750    16.8750     0.0000     0.0000     0.0000     2.1999     2.1999     1.0000
  80608                               16.9053    16.9052     0.0073     0.0022     0.0001     2.1932     2.1931     1.0000
  81009                               18.7500    18.7500     0.0000     0.0000     0.0000     2.4444     2.4444     1.0000
  81309                               18.8505    18.8504     0.0063     0.0027     0.0001     2.4026     2.4026     1.0000
  82309                               31.6064    31.6065     0.0116     0.0051     0.0001     4.0461     4.0458     1.0000
  10309                               50.4953    50.4934     0.0437     0.0227     0.0005     6.0344     6.0336     1.0000
  15009                               33.7355    33.7355     0.0159     0.0090     0.0002     4.0385     4.0380     1.0000
  16009                               50.6037    50.6023     0.0375     0.0200     0.0004     6.0536     6.0528     1.0000
  16109                               16.9104    16.9092     0.0131     0.0057     0.0001     2.1442     2.1440     1.0000
  10208                               50.4508    50.4487     0.0481     0.0250     0.0005     5.9815     5.9806     1.0000

************************************
*Link Flow Statistics  Comparisons *
************************************
  Link ID                            Mean Sim   Mean Obs       RMSE        MAE      MSLSE    STD Sim    STD Obs Nash-Sutcliffe
  8040                                16.9053    16.9052     0.0073     0.0022     0.0001     2.1932     2.1931     1.0000
  8060                                16.6064    16.6065     0.0116     0.0051     0.0001     2.1371     2.1369     1.0000
  8100                                18.8505    18.8504     0.0063     0.0027     0.0001     2.4026     2.4026     1.0000
  8130                                18.7398    18.7397     0.0096     0.0046     0.0001     2.2968     2.2966     1.0000
  1030                                50.4508    50.4487     0.0481     0.0250     0.0005     5.9815     5.9806     1.0000
  1570                                33.7870    33.7870     0.0206     0.0120     0.0002     3.9624     3.9619     1.0000
  1600                                16.8166    16.8153     0.0177     0.0080     0.0002     2.1002     2.1000     1.0000
  1630                                50.4953    50.4934     0.0437     0.0227     0.0005     6.0344     6.0336     1.0000
  1602                                16.9104    16.9092     0.0131     0.0057     0.0001     2.1442     2.1440     1.0000
  90010                               14.9956    14.9958     0.0071     0.0044     0.0001     1.7750     1.7747     1.0000

*************************************
*Link Depth Statistics  Comparisons *
*************************************
  Link ID                            Mean Sim   Mean Obs       RMSE        MAE      MSLSE    STD Sim    STD Obs Nash-Sutcliffe
  8040                                 1.0544     1.0547     0.0006     0.0004     0.0000     0.1169     0.1169     1.0000
  8060                                 1.2845     1.2846     0.0008     0.0006     0.0000     0.1466     0.1465     1.0000
  8100                                 1.1713     1.1715     0.0004     0.0003     0.0000     0.1198     0.1198     1.0000
  8130                                 1.4450     1.4452     0.0006     0.0005     0.0000     0.1359     0.1359     1.0000
  1030                                 1.4114     1.4116     0.0010     0.0007     0.0000     0.1054     0.1054     1.0000
  1570                                 1.6169     1.6171     0.0009     0.0007     0.0000     0.1341     0.1341     1.0000
  1600                                 1.3322     1.3324     0.0009     0.0007     0.0000     0.1150     0.1150     1.0000
  1630                                 1.5354     1.5356     0.0010     0.0008     0.0000     0.1127     0.1127     1.0000
  1602                                 1.5534     1.5536     0.0010     0.0006     0.0000     0.1701     0.1701     1.0000
  90010                                2.0000     2.0000     0.0000     0.0000     0.0000     0.0000     0.0000     1.0000