

*********************************************
* Binary File Comparison Statistics Section *
*********************************************

   Flog.file                                                D:\SWMMandSoftware\SWMM5.013_June2018\EPASWMM5.1.013\Swmm5.1.013UpdateTests\OWA_EXTRAN\extran9_slot.inp.log
   FoutCompare.file                                         D:\SWMMandSoftware\SWMM5.013_June2018\EPASWMM5.1.013\Swmm5.1.013UpdateTests\v12\extran9.out
   Fout.file                                                D:\SWMMandSoftware\SWMM5.013_June2018\EPASWMM5.1.013\Swmm5.1.013UpdateTests\v13\extran9_slot.out

   Fout.file Version                                        51013
   Fout.file MagicNumber                                    516114522
   Fout.file Flow units                                     3
   Fout.file Report Step                                    900
   Fout.file Nperiods                                       39
   Fout.file Starting file position of ID names             28
   Fout.file Starting file position of input data           55
   Fout.file Starting file position of output data          311
   Fout.file number of bytes per time period                136
   Fout.file Number of subcatchment output variables        8
   Fout.file Number of node output variables                6
   Fout.file Number of link output variables                5
   Fout.file Number of subcatchments reported on            0
   Fout.file Number of nodes reported on                    2
   Fout.file Number of links reported on                    1
   Fout.file Number of pollutants reported on               0

   FoutCompare.file Version                                 51011
   FoutCompare.file MagicNumber                             516114522
   FoutCompare.file Flow units                              3
   FoutCompare.file Nperiods                                39
   FoutCompare.file Starting file position of ID names      28
   FoutCompare.file Starting file position of input data    55
   FoutCompare.file Starting file position of output data   311
   FoutCompare.file number of bytes per time period         136
   FoutCompare.file Number of subcatchment output variables 8
   FoutCompare.file Number of node output variables         6
   FoutCompare.file Number of link output variables         5
   FoutCompare.file Number of subcatchments reported on     0
   FoutCompare.file Number of nodes reported on             2
   FoutCompare.file Number of links reported on             1
   FoutCompare.file Number of pollutants reported on        0

************************************
*Node Depth Statistics Comparisons *
************************************
  Node ID                            Mean Sim   Mean Obs       RMSE        MAE      MSLSE    STD Sim    STD Obs Nash-Sutcliffe     Log NSE    Index d Agreee
  30002                                0.0000     0.0000     0.0000     0.0000     0.0000     0.0000     0.0000     1.0000     0.0000
  30001                                3.9089     3.9089     0.0000     0.0000     0.0000     0.3024     0.3024     1.0000     0.0000

*******************************************
*Node Lateral Flow Statistics Comparisons *
*******************************************
  Node ID                            Mean Sim   Mean Obs       RMSE        MAE      MSLSE    STD Sim    STD Obs Nash-Sutcliffe     Log NSE    Index d Agreee
  30002                                0.0000     0.0000     0.0000     0.0000     0.0000     0.0000     0.0000     1.0000
  30001                                0.3077     0.3077     0.0000     0.0000     0.0000     0.0639     0.0639     1.0000

*****************************************
*Node Total Flow Statistics Comparisons *
*****************************************
  Node ID                            Mean Sim   Mean Obs       RMSE        MAE      MSLSE    STD Sim    STD Obs Nash-Sutcliffe Nash-Sutcliffe Nash-Sutcliffe
  30002                                0.2975     0.2975     0.0000     0.0000     0.0000     0.0140     0.0140     1.0000
  30001                                0.3077     0.3077     0.0000     0.0000     0.0000     0.0639     0.0639     1.0000

************************************
*Link Flow Statistics  Comparisons *
************************************
  Link ID                            Mean Sim   Mean Obs       RMSE        MAE      MSLSE    STD Sim    STD Obs Nash-Sutcliffe
  90001                                0.2975     0.2975     0.0000     0.0000     0.0000     0.0140     0.0140     1.0000

*************************************
*Link Depth Statistics  Comparisons *
*************************************
  Link ID                            Mean Sim   Mean Obs       RMSE        MAE      MSLSE    STD Sim    STD Obs Nash-Sutcliffe
  90001                                0.2250     0.2250     0.0000     0.0000     0.0000     0.0000     0.0000     1.0000