

*********************************************
* Binary File Comparison Statistics Section *
*********************************************

   Flog.file                                                D:\SWMMandSoftware\SWMM5.013_June2018\EPASWMM5.1.013\Swmm5.1.013UpdateTests\OWA_EXTRAN\extran4_slot.inp.log
   FoutCompare.file                                         D:\SWMMandSoftware\SWMM5.013_June2018\EPASWMM5.1.013\Swmm5.1.013UpdateTests\v12\extran4.out
   Fout.file                                                D:\SWMMandSoftware\SWMM5.013_June2018\EPASWMM5.1.013\Swmm5.1.013UpdateTests\v13\extran4_slot.out

   Fout.file Version                                        51013
   Fout.file MagicNumber                                    516114522
   Fout.file Flow units                                     0
   Fout.file Report Step                                    900
   Fout.file Nperiods                                       32
   Fout.file Starting file position of ID names             28
   Fout.file Starting file position of input data           199
   Fout.file Starting file position of output data          731
   Fout.file number of bytes per time period                508
   Fout.file Number of subcatchment output variables        8
   Fout.file Number of node output variables                6
   Fout.file Number of link output variables                5
   Fout.file Number of subcatchments reported on            0
   Fout.file Number of nodes reported on                    10
   Fout.file Number of links reported on                    10
   Fout.file Number of pollutants reported on               0

   FoutCompare.file Version                                 51011
   FoutCompare.file MagicNumber                             516114522
   FoutCompare.file Flow units                              0
   FoutCompare.file Nperiods                                32
   FoutCompare.file Starting file position of ID names      28
   FoutCompare.file Starting file position of input data    199
   FoutCompare.file Starting file position of output data   731
   FoutCompare.file number of bytes per time period         508
   FoutCompare.file Number of subcatchment output variables 8
   FoutCompare.file Number of node output variables         6
   FoutCompare.file Number of link output variables         5
   FoutCompare.file Number of subcatchments reported on     0
   FoutCompare.file Number of nodes reported on             10
   FoutCompare.file Number of links reported on             10
   FoutCompare.file Number of pollutants reported on        0

************************************
*Node Depth Statistics Comparisons *
************************************
  Node ID                            Mean Sim   Mean Obs       RMSE        MAE      MSLSE    STD Sim    STD Obs Nash-Sutcliffe     Log NSE    Index d Agreee
  80408                                1.0466     0.8927     0.3163     0.1545     0.0000     0.2336     0.1949     0.9123     0.0000
  80608                                2.3761     1.1975     2.1897     1.1930     0.0000     0.5385     0.2229    -2.2126     0.0000
  81009                                1.1078     1.1088     0.0041     0.0010     0.0000     0.2167     0.2169     1.0000     0.0000
  81309                                1.2503     1.2398     0.0373     0.0109     0.0000     0.2166     0.2140     0.9990     0.0000
  82309                                4.0269     2.4753     2.6073     1.5516     0.0000     0.7879     0.4256    -0.2497     0.0000
  10309                                1.5096     1.5020     0.0275     0.0184     0.0000     0.1895     0.1907     0.9993     0.0000
  15009                                1.3558     1.5797     0.3662     0.2238     0.0000     0.2281     0.2777     0.9421     0.0000
  16009                                1.5834     1.5744     0.0305     0.0199     0.0000     0.2068     0.2081     0.9993     0.0000
  16109                                1.3123     1.2057     0.1456     0.1066     0.0000     0.2046     0.1874     0.9799     0.0000
  10208                                1.3354     1.3284     0.0266     0.0176     0.0000     0.1800     0.1811     0.9993     0.0000

*******************************************
*Node Lateral Flow Statistics Comparisons *
*******************************************
  Node ID                            Mean Sim   Mean Obs       RMSE        MAE      MSLSE    STD Sim    STD Obs Nash-Sutcliffe     Log NSE    Index d Agreee
  80408                               16.8750    16.8750     0.0000     0.0000     0.0000     3.9639     3.9639     1.0000
  80608                                0.0000     0.0000     0.0000     0.0000     0.0000     0.0000     0.0000     1.0000
  81009                               18.7500    18.7500     0.0000     0.0000     0.0000     4.4043     4.4043     1.0000
  81309                                0.0000     0.0000     0.0000     0.0000     0.0000     0.0000     0.0000     1.0000
  82309                               15.0000    15.0000     0.0000     0.0000     0.0000     3.5234     3.5234     1.0000
  10309                                0.0000     0.0000     0.0000     0.0000     0.0000     0.0000     0.0000     1.0000
  15009                                0.0000     0.0000     0.0000     0.0000     0.0000     0.0000     0.0000     1.0000
  16009                                0.0000     0.0000     0.0000     0.0000     0.0000     0.0000     0.0000     1.0000
  16109                                0.0000     0.0000     0.0000     0.0000     0.0000     0.0000     0.0000     1.0000
  10208                                0.0000     0.0000     0.0000     0.0000     0.0000     0.0000     0.0000     1.0000

*****************************************
*Node Total Flow Statistics Comparisons *
*****************************************
  Node ID                            Mean Sim   Mean Obs       RMSE        MAE      MSLSE    STD Sim    STD Obs Nash-Sutcliffe Nash-Sutcliffe Nash-Sutcliffe
  80408                               16.8750    16.8750     0.0000     0.0000     0.0000     3.9639     3.9639     1.0000
  80608                               16.9362    16.9750     0.1432     0.0435     0.0045     3.8962     3.9060     1.0000
  81009                               18.7500    18.7500     0.0000     0.0000     0.0000     4.4043     4.4043     1.0000
  81309                               18.8526    18.8753     0.1221     0.0257     0.0038     4.2338     4.2397     1.0000
  82309                               31.6575    31.6802     2.7600     0.8647     0.0862     7.1240     7.2262     0.9951
  10309                               50.6238    50.6345     2.1100     1.0641     0.0659    10.6698    10.7774     0.9987
  15009                               26.9689    32.5589     9.6379     5.6690     0.3012     6.0867     7.3930     0.9434
  16009                               50.6219    50.6222     2.1370     1.0348     0.0668    10.7059    10.8047     0.9987
  16109                               23.7239    18.1569     8.5348     5.5670     0.2667     4.8860     3.7257     0.8253
  10208                               50.5221    50.5124     1.9338     1.0345     0.0604    10.5388    10.6282     0.9989

************************************
*Link Flow Statistics  Comparisons *
************************************
  Link ID                            Mean Sim   Mean Obs       RMSE        MAE      MSLSE    STD Sim    STD Obs Nash-Sutcliffe
  8040                                16.9362    16.9750     0.1432     0.0435     0.0045     3.8962     3.9060     1.0000
  8060                                16.6575    16.6802     2.7600     0.8647     0.0862     3.7508     3.8028     0.9825
  8100                                18.8526    18.8753     0.1221     0.0257     0.0038     4.2338     4.2397     1.0000
  8130                                18.7673    18.7288     0.6108     0.2005     0.0191     4.1067     4.0909     0.9993
  1030                                50.5221    50.5124     1.9338     1.0345     0.0604    10.5388    10.6282     0.9989
  1570                                26.8974    32.5422     9.4098     5.6448     0.2941     5.9179     7.1970     0.9431
  1600                                23.7246    18.0800     8.6702     5.6446     0.2709     4.8280     3.6361     0.8107
  1630                                50.6238    50.6345     2.1100     1.0641     0.0659    10.6698    10.7774     0.9987
  1602                                23.7239    18.1569     8.5348     5.5670     0.2667     4.8860     3.7257     0.8253
  90010                                8.2015    13.8300     9.6485     5.7068     0.3015     2.0023     3.3548     0.7246

*************************************
*Link Depth Statistics  Comparisons *
*************************************
  Link ID                            Mean Sim   Mean Obs       RMSE        MAE      MSLSE    STD Sim    STD Obs Nash-Sutcliffe
  8040                                 1.4684     1.0451     0.7770     0.4308     0.0243     0.3147     0.2076     0.5335
  8060                                 1.5792     1.2380     0.5644     0.3526     0.0176     0.3256     0.2478     0.8272
  8100                                 1.1791     1.1743     0.0169     0.0051     0.0005     0.2139     0.2127     0.9998
  8130                                 1.3031     1.4098     0.1734     0.1067     0.0054     0.2204     0.2446     0.9833
  1030                                 1.4225     1.4151     0.0270     0.0180     0.0008     0.1847     0.1859     0.9993
  1570                                 1.4696     1.5771     0.1883     0.1194     0.0059     0.2165     0.2415     0.9798
  1600                                 1.4479     1.3901     0.0742     0.0578     0.0023     0.2046     0.1967     0.9953
  1630                                 1.5465     1.5382     0.0288     0.0192     0.0009     0.1976     0.1989     0.9993
  1602                                 2.2354     1.7595     0.7308     0.4759     0.0228     0.3828     0.2847     0.7806
  90010                                1.1304     0.8907     0.4272     0.2397     0.0134     0.2600     0.2133     0.8665