

*********************************************
* Binary File Comparison Statistics Section *
*********************************************

   Flog.file                                                D:\SWMMandSoftware\SWMM5.013_June2018\EPASWMM5.1.013\Swmm5.1.013UpdateTests\OWA_EXTRAN\extran6.inp.log
   FoutCompare.file                                         D:\SWMMandSoftware\SWMM5.013_June2018\EPASWMM5.1.013\Swmm5.1.013UpdateTests\v12\extran6.out
   Fout.file                                                D:\SWMMandSoftware\SWMM5.013_June2018\EPASWMM5.1.013\Swmm5.1.013UpdateTests\v13\extran6.out

   Fout.file Version                                        51013
   Fout.file MagicNumber                                    516114522
   Fout.file Flow units                                     0
   Fout.file Report Step                                    900
   Fout.file Nperiods                                       32
   Fout.file Starting file position of ID names             28
   Fout.file Starting file position of input data           216
   Fout.file Starting file position of output data          780
   Fout.file number of bytes per time period                552
   Fout.file Number of subcatchment output variables        8
   Fout.file Number of node output variables                6
   Fout.file Number of link output variables                5
   Fout.file Number of subcatchments reported on            0
   Fout.file Number of nodes reported on                    11
   Fout.file Number of links reported on                    11
   Fout.file Number of pollutants reported on               0

   FoutCompare.file Version                                 51011
   FoutCompare.file MagicNumber                             516114522
   FoutCompare.file Flow units                              0
   FoutCompare.file Nperiods                                32
   FoutCompare.file Starting file position of ID names      28
   FoutCompare.file Starting file position of input data    216
   FoutCompare.file Starting file position of output data   780
   FoutCompare.file number of bytes per time period         552
   FoutCompare.file Number of subcatchment output variables 8
   FoutCompare.file Number of node output variables         6
   FoutCompare.file Number of link output variables         5
   FoutCompare.file Number of subcatchments reported on     0
   FoutCompare.file Number of nodes reported on             11
   FoutCompare.file Number of links reported on             11
   FoutCompare.file Number of pollutants reported on        0

************************************
*Node Depth Statistics Comparisons *
************************************
  Node ID                            Mean Sim   Mean Obs       RMSE        MAE      MSLSE    STD Sim    STD Obs Nash-Sutcliffe     Log NSE    Index d Agreee
  80408                                0.8939     0.8938     0.0003     0.0002     0.0000     0.1946     0.1946     1.0000     0.0000
  80608                                1.3384     1.3347     0.0105     0.0040     0.0000     0.2451     0.2452     0.9999     0.0000
  81009                                1.1113     1.1114     0.0005     0.0003     0.0000     0.2175     0.2175     1.0000     0.0000
  81309                                1.2316     1.2320     0.0006     0.0004     0.0000     0.2130     0.2129     1.0000     0.0000
  82309                                1.7334     1.7338     0.0083     0.0038     0.0000     0.3299     0.3300     1.0000     0.0000
  10309                                1.4087     1.4081     0.0034     0.0012     0.0000     0.1711     0.1713     1.0000     0.0000
  15009                                1.4639     1.4636     0.0013     0.0007     0.0000     0.2252     0.2252     1.0000     0.0000
  16009                                1.4770     1.4753     0.0085     0.0022     0.0000     0.1868     0.1872     0.9999     0.0000
  16109                                0.9935     0.9949     0.0055     0.0020     0.0000     0.1677     0.1677     1.0000     0.0000
  82310                               18.1465    18.4288     1.4052     0.3072     0.0000     3.7521     3.7911     0.9954     0.0000
  10208                                1.2342     1.2337     0.0033     0.0010     0.0000     0.1614     0.1616     1.0000     0.0000

*******************************************
*Node Lateral Flow Statistics Comparisons *
*******************************************
  Node ID                            Mean Sim   Mean Obs       RMSE        MAE      MSLSE    STD Sim    STD Obs Nash-Sutcliffe     Log NSE    Index d Agreee
  80408                               16.8750    16.8750     0.0000     0.0000     0.0000     3.9639     3.9639     1.0000
  80608                                0.0000     0.0000     0.0000     0.0000     0.0000     0.0000     0.0000     1.0000
  81009                               18.7500    18.7500     0.0000     0.0000     0.0000     4.4043     4.4043     1.0000
  81309                                0.0000     0.0000     0.0000     0.0000     0.0000     0.0000     0.0000     1.0000
  82309                               15.0000    15.0000     0.0000     0.0000     0.0000     3.5234     3.5234     1.0000
  10309                                0.0000     0.0000     0.0000     0.0000     0.0000     0.0000     0.0000     1.0000
  15009                                0.0000     0.0000     0.0000     0.0000     0.0000     0.0000     0.0000     1.0000
  16009                                0.0000     0.0000     0.0000     0.0000     0.0000     0.0000     0.0000     1.0000
  16109                                0.0000     0.0000     0.0000     0.0000     0.0000     0.0000     0.0000     1.0000
  82310                                0.0000     0.0000     0.0000     0.0000     0.0000     0.0000     0.0000     1.0000
  10208                                0.0000     0.0000     0.0000     0.0000     0.0000     0.0000     0.0000     1.0000

*****************************************
*Node Total Flow Statistics Comparisons *
*****************************************
  Node ID                            Mean Sim   Mean Obs       RMSE        MAE      MSLSE    STD Sim    STD Obs Nash-Sutcliffe Nash-Sutcliffe Nash-Sutcliffe
  80408                               16.8750    16.8750     0.0000     0.0000     0.0000     3.9639     3.9639     1.0000
  80608                               16.9658    16.9709     0.0372     0.0078     0.0012     3.9041     3.9035     1.0000
  81009                               18.7500    18.7500     0.0000     0.0000     0.0000     4.4043     4.4043     1.0000
  81309                               18.8501    18.8503     0.0065     0.0026     0.0002     4.2365     4.2363     1.0000
  82309                               31.7646    31.7367     0.1310     0.0451     0.0041     7.1442     7.1461     1.0000
  10309                               40.2027    40.2126     0.0930     0.0354     0.0029     8.2523     8.2563     1.0000
  15009                               27.7893    27.7872     0.0127     0.0065     0.0004     5.7091     5.7093     1.0000
  16009                               40.2762    40.2915     0.0776     0.0343     0.0024     8.2819     8.2846     1.0000
  16109                               12.7414    12.7512     0.0828     0.0329     0.0026     2.7957     2.7966     1.0000
  82310                               19.5345    19.2879     1.8317     0.5916     0.0572     4.2144     4.1870     0.9936
  10208                               40.1776    40.1903     0.0871     0.0306     0.0027     8.1543     8.1584     1.0000

************************************
*Link Flow Statistics  Comparisons *
************************************
  Link ID                            Mean Sim   Mean Obs       RMSE        MAE      MSLSE    STD Sim    STD Obs Nash-Sutcliffe
  8040                                16.9658    16.9709     0.0372     0.0078     0.0012     3.9041     3.9035     1.0000
  8060                                16.7646    16.7367     0.1310     0.0451     0.0041     3.7364     3.7388     1.0000
  8100                                18.8501    18.8503     0.0065     0.0026     0.0002     4.2365     4.2363     1.0000
  8130                                18.7250    18.7264     0.0089     0.0046     0.0003     4.0674     4.0671     1.0000
  1030                                40.1776    40.1903     0.0871     0.0306     0.0027     8.1543     8.1584     1.0000
  1570                                27.7374    27.7272     0.0200     0.0109     0.0006     5.6009     5.6011     1.0000
  1600                                12.5388    12.5643     0.0837     0.0311     0.0026     2.6883     2.6902     1.0000
  1630                                40.2027    40.2126     0.0930     0.0354     0.0029     8.2523     8.2563     1.0000
  1602                                12.7414    12.7512     0.0828     0.0329     0.0026     2.7957     2.7966     1.0000
  8061                                19.5345    19.2879     1.8317     0.5916     0.0572     4.2144     4.1870     0.9936
  90011                                9.0644     9.0609     0.0112     0.0035     0.0003     1.7675     1.7681     1.0000

*************************************
*Link Depth Statistics  Comparisons *
*************************************
  Link ID                            Mean Sim   Mean Obs       RMSE        MAE      MSLSE    STD Sim    STD Obs Nash-Sutcliffe
  8040                                 1.1163     1.1143     0.0057     0.0021     0.0002     0.2179     0.2180     1.0000
  8060                                 1.0879     1.0852     0.0082     0.0028     0.0003     0.2038     0.2039     0.9999
  8100                                 1.1715     1.1717     0.0003     0.0003     0.0000     0.2121     0.2121     1.0000
  8130                                 1.3478     1.3478     0.0008     0.0004     0.0000     0.2183     0.2183     1.0000
  1030                                 1.3214     1.3208     0.0034     0.0012     0.0001     0.1662     0.1664     1.0000
  1570                                 1.4704     1.4695     0.0038     0.0012     0.0001     0.2049     0.2050     1.0000
  1600                                 1.2353     1.2351     0.0027     0.0012     0.0001     0.1768     0.1769     1.0000
  1630                                 1.4429     1.4417     0.0054     0.0017     0.0002     0.1783     0.1787     1.0000
  1602                                 1.3634     1.3645     0.0065     0.0027     0.0002     0.2446     0.2448     1.0000
  8061                                 1.6602     1.6869     0.1484     0.0283     0.0046     0.3261     0.3303     0.9933
  90011                                0.0000     0.0000     0.0000     0.0000     0.0000     0.0000     0.0000     1.0000