

*********************************************
* Binary File Comparison Statistics Section *
*********************************************

   Flog.file                                                D:\SWMMandSoftware\SWMM5.013_June2018\EPASWMM5.1.013\Swmm5.1.013UpdateTests\OWA_EXTRAN\extran8b.inp.log
   FoutCompare.file                                         D:\SWMMandSoftware\SWMM5.013_June2018\EPASWMM5.1.013\Swmm5.1.013UpdateTests\v12\extran8b.out
   Fout.file                                                D:\SWMMandSoftware\SWMM5.013_June2018\EPASWMM5.1.013\Swmm5.1.013UpdateTests\v13\extran8b.out

   Fout.file Version                                        51013
   Fout.file MagicNumber                                    516114522
   Fout.file Flow units                                     0
   Fout.file Report Step                                    600
   Fout.file Nperiods                                       12
   Fout.file Starting file position of ID names             28
   Fout.file Starting file position of input data           199
   Fout.file Starting file position of output data          711
   Fout.file number of bytes per time period                488
   Fout.file Number of subcatchment output variables        8
   Fout.file Number of node output variables                6
   Fout.file Number of link output variables                5
   Fout.file Number of subcatchments reported on            0
   Fout.file Number of nodes reported on                    10
   Fout.file Number of links reported on                    9
   Fout.file Number of pollutants reported on               0

   FoutCompare.file Version                                 51011
   FoutCompare.file MagicNumber                             516114522
   FoutCompare.file Flow units                              0
   FoutCompare.file Nperiods                                12
   FoutCompare.file Starting file position of ID names      28
   FoutCompare.file Starting file position of input data    199
   FoutCompare.file Starting file position of output data   711
   FoutCompare.file number of bytes per time period         488
   FoutCompare.file Number of subcatchment output variables 8
   FoutCompare.file Number of node output variables         6
   FoutCompare.file Number of link output variables         5
   FoutCompare.file Number of subcatchments reported on     0
   FoutCompare.file Number of nodes reported on             10
   FoutCompare.file Number of links reported on             9
   FoutCompare.file Number of pollutants reported on        0

************************************
*Node Depth Statistics Comparisons *
************************************
  Node ID                            Mean Sim   Mean Obs       RMSE        MAE      MSLSE    STD Sim    STD Obs Nash-Sutcliffe     Log NSE    Index d Agreee
  30001                                0.6132     0.6144     0.0020     0.0016     0.0000     0.1930     0.1926     1.0000     0.0000
  30002                                0.5353     0.5356     0.0020     0.0016     0.0000     0.1678     0.1676     1.0000     0.0000
  30003                                0.6264     0.6269     0.0026     0.0022     0.0000     0.1547     0.1546     1.0000     0.0000
  30004                                0.9415     0.9431     0.0032     0.0025     0.0000     0.2987     0.2982     1.0000     0.0000
  30005                                0.7878     0.7885     0.0028     0.0023     0.0000     0.1771     0.1768     1.0000     0.0000
  30006                                0.5325     0.5327     0.0021     0.0018     0.0000     0.1527     0.1526     1.0000     0.0000
  30007                                0.7737     0.7748     0.0026     0.0023     0.0000     0.1905     0.1901     1.0000     0.0000
  30081                                1.1761     1.1760     0.0008     0.0006     0.0000     0.0583     0.0583     1.0000     0.0000
  30082                                1.4895     1.4894     0.0008     0.0007     0.0000     0.0724     0.0724     1.0000     0.0000
  30083                                2.0000     2.0000     0.0000     0.0000     0.0000     0.0000     0.0000     1.0000     0.0000

*******************************************
*Node Lateral Flow Statistics Comparisons *
*******************************************
  Node ID                            Mean Sim   Mean Obs       RMSE        MAE      MSLSE    STD Sim    STD Obs Nash-Sutcliffe     Log NSE    Index d Agreee
  30001                                4.1597     4.1597     0.0000     0.0000     0.0000     1.5906     1.5906     1.0000
  30002                                0.0000     0.0000     0.0000     0.0000     0.0000     0.0000     0.0000     1.0000
  30003                                0.0000     0.0000     0.0000     0.0000     0.0000     0.0000     0.0000     1.0000
  30004                                4.9917     4.9917     0.0000     0.0000     0.0000     1.9087     1.9087     1.0000
  30005                                0.0000     0.0000     0.0000     0.0000     0.0000     0.0000     0.0000     1.0000
  30006                                0.0000     0.0000     0.0000     0.0000     0.0000     0.0000     0.0000     1.0000
  30007                                2.4958     2.4958     0.0000     0.0000     0.0000     0.9543     0.9543     1.0000
  30081                               20.0000    20.0000     0.0000     0.0000     0.0000     0.0000     0.0000     1.0000
  30082                                0.0000     0.0000     0.0000     0.0000     0.0000     0.0000     0.0000     1.0000
  30083                                0.0000     0.0000     0.0000     0.0000     0.0000     0.0000     0.0000     1.0000

*****************************************
*Node Total Flow Statistics Comparisons *
*****************************************
  Node ID                            Mean Sim   Mean Obs       RMSE        MAE      MSLSE    STD Sim    STD Obs Nash-Sutcliffe Nash-Sutcliffe Nash-Sutcliffe
  30001                                4.1597     4.1597     0.0000     0.0000     0.0000     1.5906     1.5906     1.0000
  30002                                4.1565     4.1566     0.0070     0.0052     0.0006     1.5695     1.5690     1.0000
  30003                                4.0986     4.0975     0.0179     0.0118     0.0015     1.5265     1.5263     1.0000
  30004                                4.9917     4.9917     0.0000     0.0000     0.0000     1.9087     1.9087     1.0000
  30005                                4.9979     4.9978     0.0129     0.0090     0.0011     1.8792     1.8783     1.0000
  30006                               11.5002    11.5004     0.0417     0.0335     0.0035     4.2118     4.2097     1.0000
  30007                                2.4958     2.4958     0.0000     0.0000     0.0000     0.9543     0.9543     1.0000
  30081                               31.4917    31.4913     0.0530     0.0391     0.0044     4.1740     4.1713     1.0000
  30082                               30.4733    30.4706     0.0540     0.0400     0.0045     4.2016     4.2005     1.0000
  30083                               29.1727    29.1687     0.0435     0.0348     0.0036     3.5954     3.5946     1.0000

************************************
*Link Flow Statistics  Comparisons *
************************************
  Link ID                            Mean Sim   Mean Obs       RMSE        MAE      MSLSE    STD Sim    STD Obs Nash-Sutcliffe
  10001                                4.1565     4.1566     0.0070     0.0052     0.0006     1.5695     1.5690     1.0000
  10002                                4.0986     4.0975     0.0179     0.0118     0.0015     1.5265     1.5263     1.0000
  10003                                4.0967     4.0982     0.0174     0.0136     0.0014     1.5076     1.5067     1.0000
  10004                                4.9979     4.9978     0.0129     0.0090     0.0011     1.8792     1.8783     1.0000
  10005                                4.9272     4.9263     0.0182     0.0140     0.0015     1.8103     1.8097     1.0000
  10006                               11.4917    11.4913     0.0530     0.0391     0.0044     4.1740     4.1713     1.0000
  10007                                2.4763     2.4760     0.0077     0.0059     0.0006     0.9077     0.9072     1.0000
  10081                               30.4733    30.4706     0.0540     0.0400     0.0045     4.2016     4.2005     1.0000
  10082                               29.1727    29.1687     0.0435     0.0348     0.0036     3.5954     3.5946     1.0000

*************************************
*Link Depth Statistics  Comparisons *
*************************************
  Link ID                            Mean Sim   Mean Obs       RMSE        MAE      MSLSE    STD Sim    STD Obs Nash-Sutcliffe
  10001                                0.5743     0.5751     0.0019     0.0016     0.0002     0.1797     0.1794     1.0000
  10002                                0.5809     0.5813     0.0023     0.0019     0.0002     0.1592     0.1590     1.0000
  10003                                0.5795     0.5798     0.0023     0.0020     0.0002     0.1536     0.1535     1.0000
  10004                                0.8647     0.8659     0.0029     0.0024     0.0002     0.2354     0.2350     1.0000
  10005                                0.6072     0.6076     0.0023     0.0018     0.0002     0.1472     0.1470     1.0000
  10006                                0.8543     0.8544     0.0014     0.0011     0.0001     0.1029     0.1029     1.0000
  10007                                0.6126     0.6135     0.0020     0.0018     0.0002     0.1548     0.1544     1.0000
  10081                                1.3328     1.3327     0.0007     0.0006     0.0001     0.0613     0.0613     1.0000
  10082                                1.7447     1.7447     0.0004     0.0003     0.0000     0.0362     0.0362     1.0000