

*********************************************
* Binary File Comparison Statistics Section *
*********************************************

   Flog.file                                                D:\SWMMandSoftware\SWMM5.013_June2018\EPASWMM5.1.013\Swmm5.1.013UpdateTests\OWA_EXTRAN\extran7.inp.log
   FoutCompare.file                                         D:\SWMMandSoftware\SWMM5.013_June2018\EPASWMM5.1.013\Swmm5.1.013UpdateTests\v12\extran7.out
   Fout.file                                                D:\SWMMandSoftware\SWMM5.013_June2018\EPASWMM5.1.013\Swmm5.1.013UpdateTests\v13\extran7.out

   Fout.file Version                                        51013
   Fout.file MagicNumber                                    516114522
   Fout.file Flow units                                     0
   Fout.file Report Step                                    900
   Fout.file Nperiods                                       32
   Fout.file Starting file position of ID names             28
   Fout.file Starting file position of input data           199
   Fout.file Starting file position of output data          731
   Fout.file number of bytes per time period                508
   Fout.file Number of subcatchment output variables        8
   Fout.file Number of node output variables                6
   Fout.file Number of link output variables                5
   Fout.file Number of subcatchments reported on            0
   Fout.file Number of nodes reported on                    10
   Fout.file Number of links reported on                    10
   Fout.file Number of pollutants reported on               0

   FoutCompare.file Version                                 51011
   FoutCompare.file MagicNumber                             516114522
   FoutCompare.file Flow units                              0
   FoutCompare.file Nperiods                                32
   FoutCompare.file Starting file position of ID names      28
   FoutCompare.file Starting file position of input data    199
   FoutCompare.file Starting file position of output data   731
   FoutCompare.file number of bytes per time period         508
   FoutCompare.file Number of subcatchment output variables 8
   FoutCompare.file Number of node output variables         6
   FoutCompare.file Number of link output variables         5
   FoutCompare.file Number of subcatchments reported on     0
   FoutCompare.file Number of nodes reported on             10
   FoutCompare.file Number of links reported on             10
   FoutCompare.file Number of pollutants reported on        0

************************************
*Node Depth Statistics Comparisons *
************************************
  Node ID                            Mean Sim   Mean Obs       RMSE        MAE      MSLSE    STD Sim    STD Obs Nash-Sutcliffe     Log NSE    Index d Agreee
  80408                                4.1732     4.1737     0.0016     0.0006     0.0000     1.0601     1.0601     1.0000     0.0000
  80608                                5.5602     5.5604     0.0009     0.0005     0.0000     1.3752     1.3752     1.0000     0.0000
  81009                                1.1085     1.1087     0.0003     0.0003     0.0000     0.2168     0.2168     1.0000     0.0000
  81309                                1.2677     1.2679     0.0006     0.0004     0.0000     0.2209     0.2209     1.0000     0.0000
  82309                                7.0817     7.0830     0.0034     0.0026     0.0000     1.6739     1.6737     1.0000     0.0000
  10309                                1.4879     1.4878     0.0019     0.0010     0.0000     0.1891     0.1890     1.0000     0.0000
  15009                                1.2945     1.2946     0.0009     0.0006     0.0000     0.1926     0.1925     1.0000     0.0000
  16009                                1.5612     1.5612     0.0020     0.0010     0.0000     0.2063     0.2062     1.0000     0.0000
  16109                                1.2752     1.2751     0.0037     0.0015     0.0000     0.2298     0.2296     1.0000     0.0000
  10208                                1.3158     1.3158     0.0016     0.0008     0.0000     0.1793     0.1793     1.0000     0.0000

*******************************************
*Node Lateral Flow Statistics Comparisons *
*******************************************
  Node ID                            Mean Sim   Mean Obs       RMSE        MAE      MSLSE    STD Sim    STD Obs Nash-Sutcliffe     Log NSE    Index d Agreee
  80408                               16.8750    16.8750     0.0000     0.0000     0.0000     3.9639     3.9639     1.0000
  80608                                0.0000     0.0000     0.0000     0.0000     0.0000     0.0000     0.0000     1.0000
  81009                               18.7500    18.7500     0.0000     0.0000     0.0000     4.4043     4.4043     1.0000
  81309                                0.0000     0.0000     0.0000     0.0000     0.0000     0.0000     0.0000     1.0000
  82309                               15.0000    15.0000     0.0000     0.0000     0.0000     3.5234     3.5234     1.0000
  10309                                0.0000     0.0000     0.0000     0.0000     0.0000     0.0000     0.0000     1.0000
  15009                                0.0000     0.0000     0.0000     0.0000     0.0000     0.0000     0.0000     1.0000
  16009                                0.0000     0.0000     0.0000     0.0000     0.0000     0.0000     0.0000     1.0000
  16109                                0.0000     0.0000     0.0000     0.0000     0.0000     0.0000     0.0000     1.0000
  10208                                0.0000     0.0000     0.0000     0.0000     0.0000     0.0000     0.0000     1.0000

*****************************************
*Node Total Flow Statistics Comparisons *
*****************************************
  Node ID                            Mean Sim   Mean Obs       RMSE        MAE      MSLSE    STD Sim    STD Obs Nash-Sutcliffe Nash-Sutcliffe Nash-Sutcliffe
  80408                               16.8750    16.8750     0.0000     0.0000     0.0000     3.9639     3.9639     1.0000
  80608                               17.0017    17.0024     0.0124     0.0037     0.0004     3.9042     3.9038     1.0000
  81009                               18.7500    18.7500     0.0000     0.0000     0.0000     4.4043     4.4043     1.0000
  81309                               18.8510    18.8507     0.0075     0.0030     0.0002     4.2342     4.2340     1.0000
  82309                               30.8849    30.8761     0.0391     0.0118     0.0012     6.8789     6.8770     1.0000
  10309                               49.2419    49.2157     0.1413     0.0421     0.0044    10.3255    10.3216     1.0000
  15009                               23.0109    23.0116     0.0108     0.0057     0.0003     4.8413     4.8411     1.0000
  16009                               49.3066    49.2749     0.1670     0.0464     0.0052    10.3663    10.3612     1.0000
  16109                               26.4817    26.4758     0.0373     0.0111     0.0012     5.7763     5.7746     1.0000
  10208                               49.1977    49.1833     0.0842     0.0320     0.0026    10.2182    10.2164     1.0000

************************************
*Link Flow Statistics  Comparisons *
************************************
  Link ID                            Mean Sim   Mean Obs       RMSE        MAE      MSLSE    STD Sim    STD Obs Nash-Sutcliffe
  8040                                17.0017    17.0024     0.0124     0.0037     0.0004     3.9042     3.9038     1.0000
  8060                                15.8849    15.8761     0.0391     0.0118     0.0012     3.5465     3.5446     1.0000
  8100                                18.8510    18.8507     0.0075     0.0030     0.0002     4.2342     4.2340     1.0000
  8130                                18.7665    18.7669     0.0108     0.0054     0.0003     4.0923     4.0921     1.0000
  1030                                49.1977    49.1833     0.0842     0.0320     0.0026    10.2182    10.2164     1.0000
  1570                                23.1430    23.1374     0.0284     0.0126     0.0009     4.7198     4.7185     1.0000
  1600                                26.1636    26.1375     0.1430     0.0345     0.0045     5.6636     5.6592     1.0000
  1630                                49.2419    49.2157     0.1413     0.0421     0.0044    10.3255    10.3216     1.0000
  1602                                26.4817    26.4758     0.0373     0.0111     0.0012     5.7763     5.7746     1.0000
  90010                                4.2444     4.2446     0.0005     0.0002     0.0000     0.7892     0.7892     1.0000

*************************************
*Link Depth Statistics  Comparisons *
*************************************
  Link ID                            Mean Sim   Mean Obs       RMSE        MAE      MSLSE    STD Sim    STD Obs Nash-Sutcliffe
  8040                                 1.5148     1.5151     0.0005     0.0003     0.0000     0.3223     0.3223     1.0000
  8060                                 1.5890     1.5890     0.0012     0.0006     0.0000     0.3257     0.3257     1.0000
  8100                                 1.1881     1.1883     0.0004     0.0003     0.0000     0.2159     0.2159     1.0000
  8130                                 1.2811     1.2813     0.0006     0.0005     0.0000     0.2051     0.2051     1.0000
  1030                                 1.4021     1.4020     0.0017     0.0009     0.0001     0.1842     0.1841     1.0000
  1570                                 1.4279     1.4279     0.0014     0.0008     0.0000     0.1987     0.1987     1.0000
  1600                                 1.4183     1.4182     0.0028     0.0012     0.0001     0.2169     0.2167     1.0000
  1630                                 1.5246     1.5245     0.0019     0.0010     0.0001     0.1971     0.1970     1.0000
  1602                                 1.7336     1.7343     0.0024     0.0017     0.0001     0.3241     0.3238     1.0000
  90010                                0.0000     0.0000     0.0000     0.0000     0.0000     0.0000     0.0000     1.0000