

*********************************************
* Binary File Comparison Statistics Section *
*********************************************

   Flog.file                                                D:\SWMMandSoftware\SWMM5.013_June2018\EPASWMM5.1.013\Swmm5.1.013UpdateTests\OWA_EXTRAN\extran5_slot.inp.log
   FoutCompare.file                                         D:\SWMMandSoftware\SWMM5.013_June2018\EPASWMM5.1.013\Swmm5.1.013UpdateTests\v12\extran5.out
   Fout.file                                                D:\SWMMandSoftware\SWMM5.013_June2018\EPASWMM5.1.013\Swmm5.1.013UpdateTests\v13\extran5_slot.out

   Fout.file Version                                        51013
   Fout.file MagicNumber                                    516114522
   Fout.file Flow units                                     0
   Fout.file Report Step                                    900
   Fout.file Nperiods                                       32
   Fout.file Starting file position of ID names             28
   Fout.file Starting file position of input data           208
   Fout.file Starting file position of output data          752
   Fout.file number of bytes per time period                532
   Fout.file Number of subcatchment output variables        8
   Fout.file Number of node output variables                6
   Fout.file Number of link output variables                5
   Fout.file Number of subcatchments reported on            0
   Fout.file Number of nodes reported on                    11
   Fout.file Number of links reported on                    10
   Fout.file Number of pollutants reported on               0

   FoutCompare.file Version                                 51011
   FoutCompare.file MagicNumber                             516114522
   FoutCompare.file Flow units                              0
   FoutCompare.file Nperiods                                32
   FoutCompare.file Starting file position of ID names      28
   FoutCompare.file Starting file position of input data    208
   FoutCompare.file Starting file position of output data   752
   FoutCompare.file number of bytes per time period         532
   FoutCompare.file Number of subcatchment output variables 8
   FoutCompare.file Number of node output variables         6
   FoutCompare.file Number of link output variables         5
   FoutCompare.file Number of subcatchments reported on     0
   FoutCompare.file Number of nodes reported on             11
   FoutCompare.file Number of links reported on             10
   FoutCompare.file Number of pollutants reported on        0

************************************
*Node Depth Statistics Comparisons *
************************************
  Node ID                            Mean Sim   Mean Obs       RMSE        MAE      MSLSE    STD Sim    STD Obs Nash-Sutcliffe     Log NSE    Index d Agreee
  80408                                4.1661     4.2813     0.4043     0.1307     0.0000     1.0440     1.0528     0.9951     0.0000
  80608                                6.0146     6.1201     0.4888     0.1296     0.0000     1.3501     1.3504     0.9956     0.0000
  81009                                1.1080     1.1082     0.0005     0.0003     0.0000     0.2167     0.2166     1.0000     0.0000
  81309                                1.3170     1.3171     0.0007     0.0005     0.0000     0.2316     0.2316     1.0000     0.0000
  82308                                5.0993     5.5750     0.8252     0.4801     0.0000     1.0099     1.1118     0.9817     0.0000
  10309                                1.4734     1.4684     0.0274     0.0222     0.0000     0.1756     0.1726     0.9992     0.0000
  15009                                1.1312     1.1314     0.0008     0.0006     0.0000     0.1763     0.1762     1.0000     0.0000
  16009                                1.5498     1.5461     0.0282     0.0234     0.0000     0.1915     0.1881     0.9993     0.0000
  16109                                1.3701     1.3554     0.0589     0.0449     0.0000     0.2026     0.1953     0.9970     0.0000
  10208                                1.2978     1.2925     0.0264     0.0210     0.0000     0.1660     0.1629     0.9991     0.0000
  82309                                7.1593     7.3069     0.6930     0.2372     0.0000     1.6152     1.6277     0.9940     0.0000

*******************************************
*Node Lateral Flow Statistics Comparisons *
*******************************************
  Node ID                            Mean Sim   Mean Obs       RMSE        MAE      MSLSE    STD Sim    STD Obs Nash-Sutcliffe     Log NSE    Index d Agreee
  80408                               16.8750    16.8750     0.0000     0.0000     0.0000     3.9639     3.9639     1.0000
  80608                                0.0000     0.0000     0.0000     0.0000     0.0000     0.0000     0.0000     1.0000
  81009                               18.7500    18.7500     0.0000     0.0000     0.0000     4.4043     4.4043     1.0000
  81309                                0.0000     0.0000     0.0000     0.0000     0.0000     0.0000     0.0000     1.0000
  82308                                0.0000     0.0000     0.0000     0.0000     0.0000     0.0000     0.0000     1.0000
  10309                                0.0000     0.0000     0.0000     0.0000     0.0000     0.0000     0.0000     1.0000
  15009                                0.0000     0.0000     0.0000     0.0000     0.0000     0.0000     0.0000     1.0000
  16009                                0.0000     0.0000     0.0000     0.0000     0.0000     0.0000     0.0000     1.0000
  16109                                0.0000     0.0000     0.0000     0.0000     0.0000     0.0000     0.0000     1.0000
  10208                                0.0000     0.0000     0.0000     0.0000     0.0000     0.0000     0.0000     1.0000
  82309                               15.0000    15.0000     0.0000     0.0000     0.0000     3.5234     3.5234     1.0000

*****************************************
*Node Total Flow Statistics Comparisons *
*****************************************
  Node ID                            Mean Sim   Mean Obs       RMSE        MAE      MSLSE    STD Sim    STD Obs Nash-Sutcliffe Nash-Sutcliffe Nash-Sutcliffe
  80408                               16.8750    16.8750     0.0000     0.0000     0.0000     3.9639     3.9639     1.0000
  80608                               17.1682    16.8791     2.5051     0.5750     0.0783     3.8426     3.8580     0.9860
  81009                               18.7500    18.7500     0.0000     0.0000     0.0000     4.4043     4.4043     1.0000
  81309                               18.8504    18.8505     0.0104     0.0036     0.0003     4.2326     4.2324     1.0000
  82308                               25.7432    24.8007     3.3389     1.9767     0.1043     5.3931     5.0880     0.9857
  10309                               44.5983    43.5301     2.3165     1.5966     0.0724     9.0144     8.7075     0.9976
  15009                               18.7821    18.7817     0.0124     0.0064     0.0004     4.0878     4.0871     1.0000
  16009                               44.6182    43.5881     2.3510     1.5820     0.0735     9.0700     8.7631     0.9976
  16109                               25.7193    24.8219     2.1084     1.4232     0.0659     5.1554     4.8670     0.9938
  10208                               44.4848    43.3714     2.4174     1.5912     0.0755     8.9382     8.6231     0.9974
  82309                               25.8130    24.7756     4.7320     2.2745     0.1479     5.5386     5.4051     0.9745

************************************
*Link Flow Statistics  Comparisons *
************************************
  Link ID                            Mean Sim   Mean Obs       RMSE        MAE      MSLSE    STD Sim    STD Obs Nash-Sutcliffe
  8040                                17.1682    16.8791     2.5051     0.5750     0.0783     3.8426     3.8580     0.9860
  8060                                10.8130     9.7756     4.7320     2.2745     0.1479     2.2347     2.0810     0.8278
  8100                                18.8504    18.8505     0.0104     0.0036     0.0003     4.2326     4.2324     1.0000
  8130                                18.7821    18.7817     0.0124     0.0064     0.0004     4.0878     4.0871     1.0000
  1030                                44.4848    43.3714     2.4174     1.5912     0.0755     8.9382     8.6231     0.9974
  1570                                18.7630    18.7635     0.0136     0.0085     0.0004     3.9632     3.9623     1.0000
  1600                                25.8552    24.8246     2.3426     1.5744     0.0732     5.1336     4.8268     0.9922
  1630                                44.5983    43.5301     2.3165     1.5966     0.0724     9.0144     8.7075     0.9976
  1602                                25.7193    24.8219     2.1084     1.4232     0.0659     5.1554     4.8670     0.9938
  90010                               25.7432    24.8007     3.3389     1.9767     0.1043     5.3931     5.0880     0.9857

*************************************
*Link Depth Statistics  Comparisons *
*************************************
  Link ID                            Mean Sim   Mean Obs       RMSE        MAE      MSLSE    STD Sim    STD Obs Nash-Sutcliffe
  8040                                 1.7124     1.7067     0.1452     0.0465     0.0045     0.3294     0.3224     0.9933
  8060                                 1.7634     1.7951     0.1118     0.0317     0.0035     0.3246     0.3245     0.9960
  8100                                 1.2125     1.2127     0.0006     0.0004     0.0000     0.2211     0.2211     1.0000
  8130                                 1.2241     1.2243     0.0007     0.0006     0.0000     0.2019     0.2019     1.0000
  1030                                 1.3857     1.3807     0.0268     0.0215     0.0008     0.1708     0.1677     0.9992
  1570                                 1.3405     1.3388     0.0144     0.0120     0.0004     0.1829     0.1811     0.9998
  1600                                 1.4600     1.4508     0.0433     0.0342     0.0014     0.1961     0.1908     0.9983
  1630                                 1.5116     1.5073     0.0276     0.0228     0.0009     0.1829     0.1797     0.9992
  1602                                 2.3372     1.9575     0.6882     0.4283     0.0215     0.3782     0.2850     0.8059
  90010                                0.9771     0.9956     0.0625     0.0186     0.0020     0.1688     0.1686     0.9954