

*********************************************
* Binary File Comparison Statistics Section *
*********************************************

   Flog.file                                                D:\SWMMandSoftware\SWMM5.013_June2018\EPASWMM5.1.013\Swmm5.1.013UpdateTests\OWA_EXTRAN\extran3_slot.inp.log
   FoutCompare.file                                         D:\SWMMandSoftware\SWMM5.013_June2018\EPASWMM5.1.013\Swmm5.1.013UpdateTests\v12\extran3.out
   Fout.file                                                D:\SWMMandSoftware\SWMM5.013_June2018\EPASWMM5.1.013\Swmm5.1.013UpdateTests\v13\extran3_slot.out

   Fout.file Version                                        51013
   Fout.file MagicNumber                                    516114522
   Fout.file Flow units                                     0
   Fout.file Report Step                                    300
   Fout.file Nperiods                                       96
   Fout.file Starting file position of ID names             28
   Fout.file Starting file position of input data           199
   Fout.file Starting file position of output data          731
   Fout.file number of bytes per time period                508
   Fout.file Number of subcatchment output variables        8
   Fout.file Number of node output variables                6
   Fout.file Number of link output variables                5
   Fout.file Number of subcatchments reported on            0
   Fout.file Number of nodes reported on                    10
   Fout.file Number of links reported on                    10
   Fout.file Number of pollutants reported on               0

   FoutCompare.file Version                                 51011
   FoutCompare.file MagicNumber                             516114522
   FoutCompare.file Flow units                              0
   FoutCompare.file Nperiods                                96
   FoutCompare.file Starting file position of ID names      28
   FoutCompare.file Starting file position of input data    199
   FoutCompare.file Starting file position of output data   731
   FoutCompare.file number of bytes per time period         508
   FoutCompare.file Number of subcatchment output variables 8
   FoutCompare.file Number of node output variables         6
   FoutCompare.file Number of link output variables         5
   FoutCompare.file Number of subcatchments reported on     0
   FoutCompare.file Number of nodes reported on             10
   FoutCompare.file Number of links reported on             10
   FoutCompare.file Number of pollutants reported on        0

************************************
*Node Depth Statistics Comparisons *
************************************
  Node ID                            Mean Sim   Mean Obs       RMSE        MAE      MSLSE    STD Sim    STD Obs Nash-Sutcliffe     Log NSE    Index d Agreee
  80408                                0.8969     0.8969     0.0004     0.0002     0.0000     0.1092     0.1092     1.0000     0.0000
  80608                                1.2165     1.2124     0.0117     0.0042     0.0000     0.1261     0.1263     0.9999     0.0000
  81009                                1.1137     1.1139     0.0004     0.0003     0.0000     0.1228     0.1228     1.0000     0.0000
  81309                                1.2289     1.2290     0.0005     0.0004     0.0000     0.1203     0.1203     1.0000     0.0000
  82309                                2.1553     2.2876     0.2440     0.1336     0.0000     0.2519     0.2698     0.9913     0.0000
  10309                                1.4970     1.4983     0.0118     0.0066     0.0000     0.1082     0.1081     0.9999     0.0000
  15009                                1.6328     1.6613     0.0506     0.0289     0.0000     0.1482     0.1518     0.9988     0.0000
  16009                                1.5715     1.5729     0.0131     0.0070     0.0000     0.1180     0.1179     0.9999     0.0000
  16109                                1.1000     1.0919     0.0282     0.0180     0.0000     0.1139     0.1125     0.9993     0.0000
  10208                                1.3238     1.3249     0.0118     0.0065     0.0000     0.1027     0.1027     0.9999     0.0000

*******************************************
*Node Lateral Flow Statistics Comparisons *
*******************************************
  Node ID                            Mean Sim   Mean Obs       RMSE        MAE      MSLSE    STD Sim    STD Obs Nash-Sutcliffe     Log NSE    Index d Agreee
  80408                               16.8750    16.8750     0.0000     0.0000     0.0000     2.1999     2.1999     1.0000
  80608                                0.0000     0.0000     0.0000     0.0000     0.0000     0.0000     0.0000     1.0000
  81009                               18.7500    18.7500     0.0000     0.0000     0.0000     2.4444     2.4444     1.0000
  81309                                0.0000     0.0000     0.0000     0.0000     0.0000     0.0000     0.0000     1.0000
  82309                               15.0000    15.0000     0.0000     0.0000     0.0000     1.9555     1.9555     1.0000
  10309                                0.0000     0.0000     0.0000     0.0000     0.0000     0.0000     0.0000     1.0000
  15009                                0.0000     0.0000     0.0000     0.0000     0.0000     0.0000     0.0000     1.0000
  16009                                0.0000     0.0000     0.0000     0.0000     0.0000     0.0000     0.0000     1.0000
  16109                                0.0000     0.0000     0.0000     0.0000     0.0000     0.0000     0.0000     1.0000
  10208                                0.0000     0.0000     0.0000     0.0000     0.0000     0.0000     0.0000     1.0000

*****************************************
*Node Total Flow Statistics Comparisons *
*****************************************
  Node ID                            Mean Sim   Mean Obs       RMSE        MAE      MSLSE    STD Sim    STD Obs Nash-Sutcliffe Nash-Sutcliffe Nash-Sutcliffe
  80408                               16.8750    16.8750     0.0000     0.0000     0.0000     2.1999     2.1999     1.0000
  80608                               16.9056    16.9052     0.0072     0.0020     0.0001     2.1931     2.1931     1.0000
  81009                               18.7500    18.7500     0.0000     0.0000     0.0000     2.4444     2.4444     1.0000
  81309                               18.8506    18.8504     0.0062     0.0027     0.0001     2.4026     2.4026     1.0000
  82309                               31.6311    31.6065     0.1636     0.0469     0.0017     4.0446     4.0458     1.0000
  10309                               50.4892    50.4934     1.3100     0.6225     0.0136     6.0543     6.0336     0.9995
  15009                               32.9876    33.7355     1.5217     0.7595     0.0159     3.9451     4.0380     0.9985
  16009                               50.5956    50.6023     1.3556     0.6217     0.0141     6.0733     6.0528     0.9995
  16109                               17.5944    16.9092     1.5976     0.9438     0.0166     2.2550     2.1440     0.9941
  10208                               50.4436    50.4487     1.2491     0.6253     0.0130     6.0011     5.9806     0.9995

************************************
*Link Flow Statistics  Comparisons *
************************************
  Link ID                            Mean Sim   Mean Obs       RMSE        MAE      MSLSE    STD Sim    STD Obs Nash-Sutcliffe
  8040                                16.9056    16.9052     0.0072     0.0020     0.0001     2.1931     2.1931     1.0000
  8060                                16.6311    16.6065     0.1636     0.0469     0.0017     2.1357     2.1369     0.9999
  8100                                18.8506    18.8504     0.0062     0.0027     0.0001     2.4026     2.4026     1.0000
  8130                                18.7404    18.7397     0.0091     0.0042     0.0001     2.2968     2.2966     1.0000
  1030                                50.4436    50.4487     1.2491     0.6253     0.0130     6.0011     5.9806     0.9995
  1570                                33.0870    33.7870     1.2794     0.7180     0.0133     3.8729     3.9619     0.9989
  1600                                17.5086    16.8153     1.5888     0.9464     0.0166     2.2128     2.1000     0.9939
  1630                                50.4892    50.4934     1.3100     0.6225     0.0136     6.0543     6.0336     0.9995
  1602                                17.5944    16.9092     1.5976     0.9438     0.0166     2.2550     2.1440     0.9941
  90010                               14.2472    14.9958     1.5215     0.7575     0.0158     1.6880     1.7747     0.9922

*************************************
*Link Depth Statistics  Comparisons *
*************************************
  Link ID                            Mean Sim   Mean Obs       RMSE        MAE      MSLSE    STD Sim    STD Obs Nash-Sutcliffe
  8040                                 1.0567     1.0547     0.0059     0.0021     0.0001     0.1168     0.1169     1.0000
  8060                                 1.2242     1.2846     0.1218     0.0679     0.0013     0.1375     0.1465     0.9926
  8100                                 1.1713     1.1715     0.0004     0.0003     0.0000     0.1198     0.1198     1.0000
  8130                                 1.4308     1.4452     0.0253     0.0146     0.0003     0.1341     0.1359     0.9996
  1030                                 1.4104     1.4116     0.0118     0.0065     0.0001     0.1054     0.1054     0.9999
  1570                                 1.6022     1.6171     0.0269     0.0158     0.0003     0.1323     0.1341     0.9996
  1600                                 1.3358     1.3324     0.0197     0.0125     0.0002     0.1157     0.1150     0.9997
  1630                                 1.5343     1.5356     0.0124     0.0068     0.0001     0.1128     0.1127     0.9999
  1602                                 1.6277     1.5536     0.1562     0.0909     0.0016     0.1812     0.1701     0.9910
  90010                                2.0000     2.0000     0.0000     0.0000     0.0000     0.0000     0.0000     1.0000